#
# There is insufficient memory for the Java Runtime Environment to continue.
# Native memory allocation (mmap) failed to map 281018368 bytes for G1 virtual space
# Possible reasons:
#   The system is out of physical RAM or swap space
#   The process is running with CompressedOops enabled, and the Java Heap may be blocking the growth of the native heap
# Possible solutions:
#   Reduce memory load on the system
#   Increase physical memory or swap space
#   Check if swap backing store is full
#   Decrease Java heap size (-Xmx/-Xms)
#   Decrease number of Java threads
#   Decrease Java thread stack sizes (-Xss)
#   Set larger code cache with -XX:ReservedCodeCacheSize=
#   JVM is running with Zero Based Compressed Oops mode in which the Java heap is
#     placed in the first 32GB address space. The Java Heap base address is the
#     maximum limit for the native heap growth. Please use -XX:HeapBaseMinAddress
#     to set the Java Heap base and to place the Java Heap above 32GB virtual address.
# This output file may be truncated or incomplete.
#
#  Out of Memory Error (os_windows.cpp:3528), pid=10072, tid=3512
#
# JRE version: OpenJDK Runtime Environment Temurin-20.0.2+9 (20.0.2+9) (build 20.0.2+9)
# Java VM: OpenJDK 64-Bit Server VM Temurin-20.0.2+9 (20.0.2+9, mixed mode, tiered, compressed oops, compressed class ptrs, g1 gc, windows-amd64)
# No core dump will be written. Minidumps are not enabled by default on client versions of Windows
#

---------------  S U M M A R Y ------------

Command Line: -Dfile.encoding=Cp1252 --module-path=D:\Projects-Workspaces\Eclipse\Java\eclipse-workspace\LDUI\bin;D:\Projects-Workspaces\Eclipse\Java\eclipse-workspace\LDUI\lib\slf4j-api-1.7.6.jar;D:\Projects-Workspaces\Eclipse\Java\eclipse-workspace\LDUI\lib\slf4j-simple-1.7.6.jar;D:\Projects-Workspaces\Eclipse\Java\eclipse-workspace\LDUI\lib\xuggle-xuggler-5.4.jar -XX:+ShowCodeDetailsInExceptionMessages -Djdk.module.main=LDUI LDUI/Core.Main.Program

Host: AMD Ryzen 5 4600H with Radeon Graphics         , 12 cores, 15G,  Windows 10 , 64 bit Build 19041 (10.0.19041.4597)
Time: Mon Sep 15 22:22:56 2025 Egypt Daylight Time elapsed time: 2.150805 seconds (0d 0h 0m 2s)

---------------  T H R E A D  ---------------

Current thread (0x000001aa5f008e40):  VMThread "VM Thread" [stack: 0x00000012c5f00000,0x00000012c6000000] [id=3512]

Stack: [0x00000012c5f00000,0x00000012c6000000]
Native frames: (J=compiled Java code, j=interpreted, Vv=VM code, C=native code)
V  [jvm.dll+0x6c4a1a]
V  [jvm.dll+0x8a341c]
V  [jvm.dll+0x8a5025]
V  [jvm.dll+0x8a5723]
V  [jvm.dll+0x284aff]
V  [jvm.dll+0x6c1799]
V  [jvm.dll+0x6b627a]
V  [jvm.dll+0x360e2d]
V  [jvm.dll+0x368fa6]
V  [jvm.dll+0x3b9f0e]
V  [jvm.dll+0x3ba185]
V  [jvm.dll+0x33142a]
V  [jvm.dll+0x3314d7]
V  [jvm.dll+0x379aa2]
V  [jvm.dll+0x378251]
V  [jvm.dll+0x330b11]
V  [jvm.dll+0x377c68]
V  [jvm.dll+0x8aacde]
V  [jvm.dll+0x8abdf1]
V  [jvm.dll+0x8ac2f9]
V  [jvm.dll+0x8ac563]
V  [jvm.dll+0x84f596]
V  [jvm.dll+0x6c367b]
C  [ucrtbase.dll+0x21bb2]
C  [KERNEL32.DLL+0x17374]
C  [ntdll.dll+0x4cc91]

VM_Operation (0x00000012c59feab0): G1TryInitiateConcMark, mode: safepoint, requested by thread 0x000001aa3de7e7d0


---------------  P R O C E S S  ---------------

Threads class SMR info:
_java_thread_list=0x000001aa5f862bd0, length=16, elements={
0x000001aa3de7e7d0, 0x000001aa5f02d3c0, 0x000001aa5f02de60, 0x000001aa5f031bd0,
0x000001aa5f032910, 0x000001aa5f07f4b0, 0x000001aa5f080200, 0x000001aa5f080f50,
0x000001aa5f09bad0, 0x000001aa5ae50b80, 0x000001aa5f35fd50, 0x000001aa5f45e800,
0x000001aa5f5b8d40, 0x000001aa5f5b96a0, 0x000001aa5f827ef0, 0x000001aa5f8d3050
}

Java Threads: ( => current thread )
  0x000001aa3de7e7d0 JavaThread "main" [_thread_blocked, id=21404, stack(0x00000012c5900000,0x00000012c5a00000)]
  0x000001aa5f02d3c0 JavaThread "Reference Handler" daemon [_thread_blocked, id=13444, stack(0x00000012c6000000,0x00000012c6100000)]
  0x000001aa5f02de60 JavaThread "Finalizer" daemon [_thread_blocked, id=10044, stack(0x00000012c6100000,0x00000012c6200000)]
  0x000001aa5f031bd0 JavaThread "Signal Dispatcher" daemon [_thread_blocked, id=11808, stack(0x00000012c6200000,0x00000012c6300000)]
  0x000001aa5f032910 JavaThread "Attach Listener" daemon [_thread_blocked, id=3948, stack(0x00000012c6300000,0x00000012c6400000)]
  0x000001aa5f07f4b0 JavaThread "Service Thread" daemon [_thread_blocked, id=7276, stack(0x00000012c6400000,0x00000012c6500000)]
  0x000001aa5f080200 JavaThread "Monitor Deflation Thread" daemon [_thread_blocked, id=21464, stack(0x00000012c6500000,0x00000012c6600000)]
  0x000001aa5f080f50 JavaThread "C2 CompilerThread0" daemon [_thread_in_native, id=15636, stack(0x00000012c6600000,0x00000012c6700000)]
  0x000001aa5f09bad0 JavaThread "C1 CompilerThread0" daemon [_thread_blocked, id=17460, stack(0x00000012c6700000,0x00000012c6800000)]
  0x000001aa5ae50b80 JavaThread "Common-Cleaner" daemon [_thread_blocked, id=18012, stack(0x00000012c6800000,0x00000012c6900000)]
  0x000001aa5f35fd50 JavaThread "Notification Thread" daemon [_thread_blocked, id=19752, stack(0x00000012c6900000,0x00000012c6a00000)]
  0x000001aa5f45e800 JavaThread "Java2D Disposer" daemon [_thread_blocked, id=15748, stack(0x00000012c6b00000,0x00000012c6c00000)]
  0x000001aa5f5b8d40 JavaThread "AWT-Shutdown" [_thread_blocked, id=17832, stack(0x00000012c6c00000,0x00000012c6d00000)]
  0x000001aa5f5b96a0 JavaThread "AWT-Windows" daemon [_thread_in_native, id=20320, stack(0x00000012c6d00000,0x00000012c6e00000)]
  0x000001aa5f827ef0 JavaThread "AWT-EventQueue-0" [_thread_blocked, id=23528, stack(0x00000012c7800000,0x00000012c7900000)]
  0x000001aa5f8d3050 JavaThread "D3D Screen Updater" daemon [_thread_blocked, id=10420, stack(0x00000012c7900000,0x00000012c7a00000)]

Other Threads:
=>0x000001aa5f008e40 VMThread "VM Thread" [stack: 0x00000012c5f00000,0x00000012c6000000] [id=3512]
  0x000001aa5f320cf0 WatcherThread "VM Periodic Task Thread" [stack: 0x00000012c6a00000,0x00000012c6b00000] [id=14504]
  0x000001aa3ff34ee0 WorkerThread "GC Thread#0" [stack: 0x00000012c5a00000,0x00000012c5b00000] [id=11172]
  0x000001aa5f8fcd70 WorkerThread "GC Thread#1" [stack: 0x00000012c7a00000,0x00000012c7b00000] [id=15144]
  0x000001aa5f8fc500 WorkerThread "GC Thread#2" [stack: 0x00000012c7b00000,0x00000012c7c00000] [id=22752]
  0x000001aa5f8fd8b0 WorkerThread "GC Thread#3" [stack: 0x00000012c7c00000,0x00000012c7d00000] [id=2808]
  0x000001aa5f8fde50 WorkerThread "GC Thread#4" [stack: 0x00000012c7d00000,0x00000012c7e00000] [id=12104]
  0x000001aa5f8fd5e0 WorkerThread "GC Thread#5" [stack: 0x00000012c7e00000,0x00000012c7f00000] [id=3752]
  0x000001aa5f8fc7d0 WorkerThread "GC Thread#6" [stack: 0x00000012c7f00000,0x00000012c8000000] [id=13104]
  0x000001aa5f8fc230 WorkerThread "GC Thread#7" [stack: 0x00000012c8200000,0x00000012c8300000] [id=24072]
  0x000001aa5f8fd310 WorkerThread "GC Thread#8" [stack: 0x00000012c8300000,0x00000012c8400000] [id=5336]
  0x000001aa3ff45d00 ConcurrentGCThread "G1 Main Marker" [stack: 0x00000012c5b00000,0x00000012c5c00000] [id=10900]
  0x000001aa3ff46730 WorkerThread "G1 Conc#0" [stack: 0x00000012c5c00000,0x00000012c5d00000] [id=11668]
  0x000001aa5f8fcaa0 WorkerThread "G1 Conc#1" [stack: 0x00000012c8000000,0x00000012c8100000] [id=852]
  0x000001aa5f8fd040 WorkerThread "G1 Conc#2" [stack: 0x00000012c8100000,0x00000012c8200000] [id=18936]
  0x000001aa3ff8e370 ConcurrentGCThread "G1 Refine#0" [stack: 0x00000012c5d00000,0x00000012c5e00000] [id=15200]
  0x000001aa5ad28550 ConcurrentGCThread "G1 Service" [stack: 0x00000012c5e00000,0x00000012c5f00000] [id=17804]

Threads with active compile tasks:
C2 CompilerThread0     2170  961       4       Core.Render.Bitmaps.BitmapMask::ApplyToBitmap (92 bytes)

VM state: at safepoint (normal execution)

VM Mutex/Monitor currently owned by a thread:  ([mutex/lock_event])
[0x000001aa3de7baf0] Threads_lock - owner thread: 0x000001aa5f008e40
[0x000001aa3de7a1a0] Heap_lock - owner thread: 0x000001aa3de7e7d0

Heap address: 0x000000070a200000, size: 3934 MB, Compressed Oops mode: Zero based, Oop shift amount: 3

CDS archive(s) not mapped
Compressed class space mapped at: 0x0000000800000000-0x0000000840000000, reserved size: 1073741824
Narrow klass base: 0x0000000800000000, Narrow klass shift: 0, Narrow klass range: 0x40000000

GC Precious Log:
 CardTable entry size: 512
 Card Set container configuration: InlinePtr #cards 4 size 8 Array Of Cards #cards 16 size 48 Howl #buckets 8 coarsen threshold 3686 Howl Bitmap #cards 512 size 80 coarsen threshold 460 Card regions per heap region 1 cards per card region 4096
 CPUs: 12 total, 12 available
 Memory: 15733M
 Large Page Support: Disabled
 NUMA Support: Disabled
 Compressed Oops: Enabled (Zero based)
 Heap Region Size: 2M
 Heap Min Capacity: 8M
 Heap Initial Capacity: 246M
 Heap Max Capacity: 3934M
 Pre-touch: Disabled
 Parallel Workers: 10
 Concurrent Workers: 3
 Concurrent Refinement Workers: 10
 Periodic GC: Disabled

Heap:
 garbage-first heap   total 419840K, used 44512K [0x000000070a200000, 0x0000000800000000)
  region size 2048K, 2 young (4096K), 2 survivors (4096K)
 Metaspace       used 14707K, committed 14912K, reserved 1114112K
  class space    used 1428K, committed 1536K, reserved 1048576K

Heap Regions: E=young(eden), S=young(survivor), O=old, HS=humongous(starts), HC=humongous(continues), CS=collection set, F=free, OA=open archive, CA=closed archive, TAMS=top-at-mark-start, PB=parsable bottom
|   0|0x000000070a200000, 0x000000070a400000, 0x000000070a400000|100%|HS|  |TAMS 0x000000070a400000| PB 0x000000070a200000| Complete 
|   1|0x000000070a400000, 0x000000070a600000, 0x000000070a600000|100%|HS|  |TAMS 0x000000070a600000| PB 0x000000070a400000| Complete 
|   2|0x000000070a600000, 0x000000070a800000, 0x000000070a800000|100%|HS|  |TAMS 0x000000070a800000| PB 0x000000070a600000| Complete 
|   3|0x000000070a800000, 0x000000070aa00000, 0x000000070aa00000|100%|HS|  |TAMS 0x000000070aa00000| PB 0x000000070a800000| Complete 
|   4|0x000000070aa00000, 0x000000070ac00000, 0x000000070ac00000|100%|HC|  |TAMS 0x000000070ac00000| PB 0x000000070aa00000| Complete 
|   5|0x000000070ac00000, 0x000000070ae00000, 0x000000070ae00000|100%|HC|  |TAMS 0x000000070ae00000| PB 0x000000070ac00000| Complete 
|   6|0x000000070ae00000, 0x000000070b000000, 0x000000070b000000|100%|HC|  |TAMS 0x000000070b000000| PB 0x000000070ae00000| Complete 
|   7|0x000000070b000000, 0x000000070b200000, 0x000000070b200000|100%|HC|  |TAMS 0x000000070b200000| PB 0x000000070b000000| Complete 
|   8|0x000000070b200000, 0x000000070b400000, 0x000000070b400000|100%|HC|  |TAMS 0x000000070b400000| PB 0x000000070b200000| Complete 
|   9|0x000000070b400000, 0x000000070b600000, 0x000000070b600000|100%|HC|  |TAMS 0x000000070b600000| PB 0x000000070b400000| Complete 
|  10|0x000000070b600000, 0x000000070b800000, 0x000000070b800000|100%|HS|  |TAMS 0x000000070b800000| PB 0x000000070b600000| Complete 
|  11|0x000000070b800000, 0x000000070ba00000, 0x000000070ba00000|100%|HC|  |TAMS 0x000000070ba00000| PB 0x000000070b800000| Complete 
|  12|0x000000070ba00000, 0x000000070bc00000, 0x000000070bc00000|100%|HC|  |TAMS 0x000000070bc00000| PB 0x000000070ba00000| Complete 
|  13|0x000000070bc00000, 0x000000070be00000, 0x000000070be00000|100%|HC|  |TAMS 0x000000070be00000| PB 0x000000070bc00000| Complete 
|  14|0x000000070be00000, 0x000000070c000000, 0x000000070c000000|100%|HC|  |TAMS 0x000000070c000000| PB 0x000000070be00000| Complete 
|  15|0x000000070c000000, 0x000000070c200000, 0x000000070c200000|100%|HC|  |TAMS 0x000000070c200000| PB 0x000000070c000000| Complete 
|  16|0x000000070c200000, 0x000000070c400000, 0x000000070c400000|100%|HC|  |TAMS 0x000000070c400000| PB 0x000000070c200000| Complete 
|  17|0x000000070c400000, 0x000000070c600000, 0x000000070c600000|100%|HC|  |TAMS 0x000000070c600000| PB 0x000000070c400000| Complete 
|  18|0x000000070c600000, 0x000000070c800000, 0x000000070c800000|100%|HC|  |TAMS 0x000000070c800000| PB 0x000000070c600000| Complete 
|  19|0x000000070c800000, 0x000000070ca00000, 0x000000070ca00000|100%|HC|  |TAMS 0x000000070ca00000| PB 0x000000070c800000| Complete 
|  20|0x000000070ca00000, 0x000000070ca00000, 0x000000070cc00000|  0%| F|  |TAMS 0x000000070ca00000| PB 0x000000070ca00000| Untracked 
|  21|0x000000070cc00000, 0x000000070cc00000, 0x000000070ce00000|  0%| F|  |TAMS 0x000000070cc00000| PB 0x000000070cc00000| Untracked 
|  22|0x000000070ce00000, 0x000000070ce00000, 0x000000070d000000|  0%| F|  |TAMS 0x000000070ce00000| PB 0x000000070ce00000| Untracked 
|  23|0x000000070d000000, 0x000000070d000000, 0x000000070d200000|  0%| F|  |TAMS 0x000000070d000000| PB 0x000000070d000000| Untracked 
|  24|0x000000070d200000, 0x000000070d200000, 0x000000070d400000|  0%| F|  |TAMS 0x000000070d200000| PB 0x000000070d200000| Untracked 
|  25|0x000000070d400000, 0x000000070d400000, 0x000000070d600000|  0%| F|  |TAMS 0x000000070d400000| PB 0x000000070d400000| Untracked 
|  26|0x000000070d600000, 0x000000070d600000, 0x000000070d800000|  0%| F|  |TAMS 0x000000070d600000| PB 0x000000070d600000| Untracked 
|  27|0x000000070d800000, 0x000000070d800000, 0x000000070da00000|  0%| F|  |TAMS 0x000000070d800000| PB 0x000000070d800000| Untracked 
|  28|0x000000070da00000, 0x000000070da00000, 0x000000070dc00000|  0%| F|  |TAMS 0x000000070da00000| PB 0x000000070da00000| Untracked 
|  29|0x000000070dc00000, 0x000000070dc00000, 0x000000070de00000|  0%| F|  |TAMS 0x000000070dc00000| PB 0x000000070dc00000| Untracked 
|  30|0x000000070de00000, 0x000000070de00000, 0x000000070e000000|  0%| F|  |TAMS 0x000000070de00000| PB 0x000000070de00000| Untracked 
|  31|0x000000070e000000, 0x000000070e000000, 0x000000070e200000|  0%| F|  |TAMS 0x000000070e000000| PB 0x000000070e000000| Untracked 
|  32|0x000000070e200000, 0x000000070e200000, 0x000000070e400000|  0%| F|  |TAMS 0x000000070e200000| PB 0x000000070e200000| Untracked 
|  33|0x000000070e400000, 0x000000070e400000, 0x000000070e600000|  0%| F|  |TAMS 0x000000070e400000| PB 0x000000070e400000| Untracked 
|  34|0x000000070e600000, 0x000000070e600000, 0x000000070e800000|  0%| F|  |TAMS 0x000000070e600000| PB 0x000000070e600000| Untracked 
|  35|0x000000070e800000, 0x000000070e800000, 0x000000070ea00000|  0%| F|  |TAMS 0x000000070e800000| PB 0x000000070e800000| Untracked 
|  36|0x000000070ea00000, 0x000000070ea00000, 0x000000070ec00000|  0%| F|  |TAMS 0x000000070ea00000| PB 0x000000070ea00000| Untracked 
|  37|0x000000070ec00000, 0x000000070ec00000, 0x000000070ee00000|  0%| F|  |TAMS 0x000000070ec00000| PB 0x000000070ec00000| Untracked 
|  38|0x000000070ee00000, 0x000000070ee00000, 0x000000070f000000|  0%| F|  |TAMS 0x000000070ee00000| PB 0x000000070ee00000| Untracked 
|  39|0x000000070f000000, 0x000000070f000000, 0x000000070f200000|  0%| F|  |TAMS 0x000000070f000000| PB 0x000000070f000000| Untracked 
|  40|0x000000070f200000, 0x000000070f200000, 0x000000070f400000|  0%| F|  |TAMS 0x000000070f200000| PB 0x000000070f200000| Untracked 
|  41|0x000000070f400000, 0x000000070f400000, 0x000000070f600000|  0%| F|  |TAMS 0x000000070f400000| PB 0x000000070f400000| Untracked 
|  42|0x000000070f600000, 0x000000070f600000, 0x000000070f800000|  0%| F|  |TAMS 0x000000070f600000| PB 0x000000070f600000| Untracked 
|  43|0x000000070f800000, 0x000000070f800000, 0x000000070fa00000|  0%| F|  |TAMS 0x000000070f800000| PB 0x000000070f800000| Untracked 
|  44|0x000000070fa00000, 0x000000070fa00000, 0x000000070fc00000|  0%| F|  |TAMS 0x000000070fa00000| PB 0x000000070fa00000| Untracked 
|  45|0x000000070fc00000, 0x000000070fc00000, 0x000000070fe00000|  0%| F|  |TAMS 0x000000070fc00000| PB 0x000000070fc00000| Untracked 
|  46|0x000000070fe00000, 0x000000070fe00000, 0x0000000710000000|  0%| F|  |TAMS 0x000000070fe00000| PB 0x000000070fe00000| Untracked 
|  47|0x0000000710000000, 0x0000000710000000, 0x0000000710200000|  0%| F|  |TAMS 0x0000000710000000| PB 0x0000000710000000| Untracked 
|  48|0x0000000710200000, 0x0000000710200000, 0x0000000710400000|  0%| F|  |TAMS 0x0000000710200000| PB 0x0000000710200000| Untracked 
|  49|0x0000000710400000, 0x0000000710400000, 0x0000000710600000|  0%| F|  |TAMS 0x0000000710400000| PB 0x0000000710400000| Untracked 
|  50|0x0000000710600000, 0x0000000710600000, 0x0000000710800000|  0%| F|  |TAMS 0x0000000710600000| PB 0x0000000710600000| Untracked 
|  51|0x0000000710800000, 0x0000000710800000, 0x0000000710a00000|  0%| F|  |TAMS 0x0000000710800000| PB 0x0000000710800000| Untracked 
|  52|0x0000000710a00000, 0x0000000710a00000, 0x0000000710c00000|  0%| F|  |TAMS 0x0000000710a00000| PB 0x0000000710a00000| Untracked 
|  53|0x0000000710c00000, 0x0000000710c00000, 0x0000000710e00000|  0%| F|  |TAMS 0x0000000710c00000| PB 0x0000000710c00000| Untracked 
|  54|0x0000000710e00000, 0x0000000710e00000, 0x0000000711000000|  0%| F|  |TAMS 0x0000000710e00000| PB 0x0000000710e00000| Untracked 
|  55|0x0000000711000000, 0x0000000711000000, 0x0000000711200000|  0%| F|  |TAMS 0x0000000711000000| PB 0x0000000711000000| Untracked 
|  56|0x0000000711200000, 0x0000000711200000, 0x0000000711400000|  0%| F|  |TAMS 0x0000000711200000| PB 0x0000000711200000| Untracked 
|  57|0x0000000711400000, 0x0000000711400000, 0x0000000711600000|  0%| F|  |TAMS 0x0000000711400000| PB 0x0000000711400000| Untracked 
|  58|0x0000000711600000, 0x0000000711600000, 0x0000000711800000|  0%| F|  |TAMS 0x0000000711600000| PB 0x0000000711600000| Untracked 
|  59|0x0000000711800000, 0x0000000711800000, 0x0000000711a00000|  0%| F|  |TAMS 0x0000000711800000| PB 0x0000000711800000| Untracked 
|  60|0x0000000711a00000, 0x0000000711a00000, 0x0000000711c00000|  0%| F|  |TAMS 0x0000000711a00000| PB 0x0000000711a00000| Untracked 
|  61|0x0000000711c00000, 0x0000000711c00000, 0x0000000711e00000|  0%| F|  |TAMS 0x0000000711c00000| PB 0x0000000711c00000| Untracked 
|  62|0x0000000711e00000, 0x0000000711e00000, 0x0000000712000000|  0%| F|  |TAMS 0x0000000711e00000| PB 0x0000000711e00000| Untracked 
|  63|0x0000000712000000, 0x0000000712000000, 0x0000000712200000|  0%| F|  |TAMS 0x0000000712000000| PB 0x0000000712000000| Untracked 
|  64|0x0000000712200000, 0x0000000712200000, 0x0000000712400000|  0%| F|  |TAMS 0x0000000712200000| PB 0x0000000712200000| Untracked 
|  65|0x0000000712400000, 0x0000000712400000, 0x0000000712600000|  0%| F|  |TAMS 0x0000000712400000| PB 0x0000000712400000| Untracked 
|  66|0x0000000712600000, 0x0000000712600000, 0x0000000712800000|  0%| F|  |TAMS 0x0000000712600000| PB 0x0000000712600000| Untracked 
|  67|0x0000000712800000, 0x0000000712800000, 0x0000000712a00000|  0%| F|  |TAMS 0x0000000712800000| PB 0x0000000712800000| Untracked 
|  68|0x0000000712a00000, 0x0000000712a00000, 0x0000000712c00000|  0%| F|  |TAMS 0x0000000712a00000| PB 0x0000000712a00000| Untracked 
|  69|0x0000000712c00000, 0x0000000712c00000, 0x0000000712e00000|  0%| F|  |TAMS 0x0000000712c00000| PB 0x0000000712c00000| Untracked 
|  70|0x0000000712e00000, 0x0000000712e00000, 0x0000000713000000|  0%| F|  |TAMS 0x0000000712e00000| PB 0x0000000712e00000| Untracked 
|  71|0x0000000713000000, 0x0000000713000000, 0x0000000713200000|  0%| F|  |TAMS 0x0000000713000000| PB 0x0000000713000000| Untracked 
|  72|0x0000000713200000, 0x0000000713200000, 0x0000000713400000|  0%| F|  |TAMS 0x0000000713200000| PB 0x0000000713200000| Untracked 
|  73|0x0000000713400000, 0x0000000713400000, 0x0000000713600000|  0%| F|  |TAMS 0x0000000713400000| PB 0x0000000713400000| Untracked 
|  74|0x0000000713600000, 0x0000000713600000, 0x0000000713800000|  0%| F|  |TAMS 0x0000000713600000| PB 0x0000000713600000| Untracked 
|  75|0x0000000713800000, 0x0000000713800000, 0x0000000713a00000|  0%| F|  |TAMS 0x0000000713800000| PB 0x0000000713800000| Untracked 
|  76|0x0000000713a00000, 0x0000000713a00000, 0x0000000713c00000|  0%| F|  |TAMS 0x0000000713a00000| PB 0x0000000713a00000| Untracked 
|  77|0x0000000713c00000, 0x0000000713c00000, 0x0000000713e00000|  0%| F|  |TAMS 0x0000000713c00000| PB 0x0000000713c00000| Untracked 
|  78|0x0000000713e00000, 0x0000000713e00000, 0x0000000714000000|  0%| F|  |TAMS 0x0000000713e00000| PB 0x0000000713e00000| Untracked 
|  79|0x0000000714000000, 0x0000000714000000, 0x0000000714200000|  0%| F|  |TAMS 0x0000000714000000| PB 0x0000000714000000| Untracked 
|  80|0x0000000714200000, 0x0000000714200000, 0x0000000714400000|  0%| F|  |TAMS 0x0000000714200000| PB 0x0000000714200000| Untracked 
|  81|0x0000000714400000, 0x0000000714400000, 0x0000000714600000|  0%| F|  |TAMS 0x0000000714400000| PB 0x0000000714400000| Untracked 
|  82|0x0000000714600000, 0x0000000714600000, 0x0000000714800000|  0%| F|  |TAMS 0x0000000714600000| PB 0x0000000714600000| Untracked 
|  83|0x0000000714800000, 0x0000000714800000, 0x0000000714a00000|  0%| F|  |TAMS 0x0000000714800000| PB 0x0000000714800000| Untracked 
|  84|0x0000000714a00000, 0x0000000714a00000, 0x0000000714c00000|  0%| F|  |TAMS 0x0000000714a00000| PB 0x0000000714a00000| Untracked 
|  85|0x0000000714c00000, 0x0000000714c00000, 0x0000000714e00000|  0%| F|  |TAMS 0x0000000714c00000| PB 0x0000000714c00000| Untracked 
|  86|0x0000000714e00000, 0x0000000714e00000, 0x0000000715000000|  0%| F|  |TAMS 0x0000000714e00000| PB 0x0000000714e00000| Untracked 
|  87|0x0000000715000000, 0x0000000715000000, 0x0000000715200000|  0%| F|  |TAMS 0x0000000715000000| PB 0x0000000715000000| Untracked 
|  88|0x0000000715200000, 0x0000000715200000, 0x0000000715400000|  0%| F|  |TAMS 0x0000000715200000| PB 0x0000000715200000| Untracked 
|  89|0x0000000715400000, 0x0000000715400000, 0x0000000715600000|  0%| F|  |TAMS 0x0000000715400000| PB 0x0000000715400000| Untracked 
|  90|0x0000000715600000, 0x0000000715600000, 0x0000000715800000|  0%| F|  |TAMS 0x0000000715600000| PB 0x0000000715600000| Untracked 
|  91|0x0000000715800000, 0x0000000715800000, 0x0000000715a00000|  0%| F|  |TAMS 0x0000000715800000| PB 0x0000000715800000| Untracked 
|  92|0x0000000715a00000, 0x0000000715a00000, 0x0000000715c00000|  0%| F|  |TAMS 0x0000000715a00000| PB 0x0000000715a00000| Untracked 
|  93|0x0000000715c00000, 0x0000000715c00000, 0x0000000715e00000|  0%| F|  |TAMS 0x0000000715c00000| PB 0x0000000715c00000| Untracked 
|  94|0x0000000715e00000, 0x0000000715e00000, 0x0000000716000000|  0%| F|  |TAMS 0x0000000715e00000| PB 0x0000000715e00000| Untracked 
|  95|0x0000000716000000, 0x0000000716000000, 0x0000000716200000|  0%| F|  |TAMS 0x0000000716000000| PB 0x0000000716000000| Untracked 
|  96|0x0000000716200000, 0x0000000716200000, 0x0000000716400000|  0%| F|  |TAMS 0x0000000716200000| PB 0x0000000716200000| Untracked 
|  97|0x0000000716400000, 0x0000000716400000, 0x0000000716600000|  0%| F|  |TAMS 0x0000000716400000| PB 0x0000000716400000| Untracked 
|  98|0x0000000716600000, 0x0000000716600000, 0x0000000716800000|  0%| F|  |TAMS 0x0000000716600000| PB 0x0000000716600000| Untracked 
|  99|0x0000000716800000, 0x0000000716800000, 0x0000000716a00000|  0%| F|  |TAMS 0x0000000716800000| PB 0x0000000716800000| Untracked 
| 100|0x0000000716a00000, 0x0000000716a00000, 0x0000000716c00000|  0%| F|  |TAMS 0x0000000716a00000| PB 0x0000000716a00000| Untracked 
| 101|0x0000000716c00000, 0x0000000716c00000, 0x0000000716e00000|  0%| F|  |TAMS 0x0000000716c00000| PB 0x0000000716c00000| Untracked 
| 102|0x0000000716e00000, 0x0000000716e00000, 0x0000000717000000|  0%| F|  |TAMS 0x0000000716e00000| PB 0x0000000716e00000| Untracked 
| 103|0x0000000717000000, 0x0000000717000000, 0x0000000717200000|  0%| F|  |TAMS 0x0000000717000000| PB 0x0000000717000000| Untracked 
| 104|0x0000000717200000, 0x0000000717200000, 0x0000000717400000|  0%| F|  |TAMS 0x0000000717200000| PB 0x0000000717200000| Untracked 
| 105|0x0000000717400000, 0x0000000717400000, 0x0000000717600000|  0%| F|  |TAMS 0x0000000717400000| PB 0x0000000717400000| Untracked 
| 106|0x0000000717600000, 0x0000000717600000, 0x0000000717800000|  0%| F|  |TAMS 0x0000000717600000| PB 0x0000000717600000| Untracked 
| 107|0x0000000717800000, 0x0000000717800000, 0x0000000717a00000|  0%| F|  |TAMS 0x0000000717800000| PB 0x0000000717800000| Untracked 
| 108|0x0000000717a00000, 0x0000000717a00000, 0x0000000717c00000|  0%| F|  |TAMS 0x0000000717a00000| PB 0x0000000717a00000| Untracked 
| 109|0x0000000717c00000, 0x0000000717c00000, 0x0000000717e00000|  0%| F|  |TAMS 0x0000000717c00000| PB 0x0000000717c00000| Untracked 
| 110|0x0000000717e00000, 0x0000000717e00000, 0x0000000718000000|  0%| F|  |TAMS 0x0000000717e00000| PB 0x0000000717e00000| Untracked 
| 111|0x0000000718000000, 0x0000000718000000, 0x0000000718200000|  0%| F|  |TAMS 0x0000000718000000| PB 0x0000000718000000| Untracked 
| 112|0x0000000718200000, 0x0000000718200000, 0x0000000718400000|  0%| F|  |TAMS 0x0000000718200000| PB 0x0000000718200000| Untracked 
| 113|0x0000000718400000, 0x0000000718400000, 0x0000000718600000|  0%| F|  |TAMS 0x0000000718400000| PB 0x0000000718400000| Untracked 
| 114|0x0000000718600000, 0x0000000718600000, 0x0000000718800000|  0%| F|  |TAMS 0x0000000718600000| PB 0x0000000718600000| Untracked 
| 115|0x0000000718800000, 0x0000000718800000, 0x0000000718a00000|  0%| F|  |TAMS 0x0000000718800000| PB 0x0000000718800000| Untracked 
| 116|0x0000000718a00000, 0x0000000718a00000, 0x0000000718c00000|  0%| F|  |TAMS 0x0000000718a00000| PB 0x0000000718a00000| Untracked 
| 117|0x0000000718c00000, 0x0000000718c00000, 0x0000000718e00000|  0%| F|  |TAMS 0x0000000718c00000| PB 0x0000000718c00000| Untracked 
| 118|0x0000000718e00000, 0x0000000718e00000, 0x0000000719000000|  0%| F|  |TAMS 0x0000000718e00000| PB 0x0000000718e00000| Untracked 
| 119|0x0000000719000000, 0x0000000719000000, 0x0000000719200000|  0%| F|  |TAMS 0x0000000719000000| PB 0x0000000719000000| Untracked 
| 120|0x0000000719200000, 0x0000000719200000, 0x0000000719400000|  0%| F|  |TAMS 0x0000000719200000| PB 0x0000000719200000| Untracked 
| 121|0x0000000719400000, 0x0000000719400000, 0x0000000719600000|  0%| F|  |TAMS 0x0000000719400000| PB 0x0000000719400000| Untracked 
| 122|0x0000000719600000, 0x0000000719600000, 0x0000000719800000|  0%| F|  |TAMS 0x0000000719600000| PB 0x0000000719600000| Untracked 
| 123|0x0000000719800000, 0x0000000719800000, 0x0000000719a00000|  0%| F|  |TAMS 0x0000000719800000| PB 0x0000000719800000| Untracked 
| 124|0x0000000719a00000, 0x0000000719a00000, 0x0000000719c00000|  0%| F|  |TAMS 0x0000000719a00000| PB 0x0000000719a00000| Untracked 
| 125|0x0000000719c00000, 0x0000000719c00000, 0x0000000719e00000|  0%| F|  |TAMS 0x0000000719c00000| PB 0x0000000719c00000| Untracked 
| 126|0x0000000719e00000, 0x0000000719e00000, 0x000000071a000000|  0%| F|  |TAMS 0x0000000719e00000| PB 0x0000000719e00000| Untracked 
| 127|0x000000071a000000, 0x000000071a000000, 0x000000071a200000|  0%| F|  |TAMS 0x000000071a000000| PB 0x000000071a000000| Untracked 
| 128|0x000000071a200000, 0x000000071a200000, 0x000000071a400000|  0%| F|  |TAMS 0x000000071a200000| PB 0x000000071a200000| Untracked 
| 129|0x000000071a400000, 0x000000071a400000, 0x000000071a600000|  0%| F|  |TAMS 0x000000071a400000| PB 0x000000071a400000| Untracked 
| 130|0x000000071a600000, 0x000000071a600000, 0x000000071a800000|  0%| F|  |TAMS 0x000000071a600000| PB 0x000000071a600000| Untracked 
| 131|0x000000071a800000, 0x000000071a800000, 0x000000071aa00000|  0%| F|  |TAMS 0x000000071a800000| PB 0x000000071a800000| Untracked 
| 132|0x000000071aa00000, 0x000000071aa00000, 0x000000071ac00000|  0%| F|  |TAMS 0x000000071aa00000| PB 0x000000071aa00000| Untracked 
| 133|0x000000071ac00000, 0x000000071ac00000, 0x000000071ae00000|  0%| F|  |TAMS 0x000000071ac00000| PB 0x000000071ac00000| Untracked 
| 134|0x000000071ae00000, 0x000000071ae00000, 0x000000071b000000|  0%| F|  |TAMS 0x000000071ae00000| PB 0x000000071ae00000| Untracked 
| 135|0x000000071b000000, 0x000000071b000000, 0x000000071b200000|  0%| F|  |TAMS 0x000000071b000000| PB 0x000000071b000000| Untracked 
| 136|0x000000071b200000, 0x000000071b200000, 0x000000071b400000|  0%| F|  |TAMS 0x000000071b200000| PB 0x000000071b200000| Untracked 
| 137|0x000000071b400000, 0x000000071b400000, 0x000000071b600000|  0%| F|  |TAMS 0x000000071b400000| PB 0x000000071b400000| Untracked 
| 138|0x000000071b600000, 0x000000071b600000, 0x000000071b800000|  0%| F|  |TAMS 0x000000071b600000| PB 0x000000071b600000| Untracked 
| 139|0x000000071b800000, 0x000000071b800000, 0x000000071ba00000|  0%| F|  |TAMS 0x000000071b800000| PB 0x000000071b800000| Untracked 
| 140|0x000000071ba00000, 0x000000071ba00000, 0x000000071bc00000|  0%| F|  |TAMS 0x000000071ba00000| PB 0x000000071ba00000| Untracked 
| 141|0x000000071bc00000, 0x000000071bc00000, 0x000000071be00000|  0%| F|  |TAMS 0x000000071bc00000| PB 0x000000071bc00000| Untracked 
| 142|0x000000071be00000, 0x000000071be00000, 0x000000071c000000|  0%| F|  |TAMS 0x000000071be00000| PB 0x000000071be00000| Untracked 
| 143|0x000000071c000000, 0x000000071c000000, 0x000000071c200000|  0%| F|  |TAMS 0x000000071c000000| PB 0x000000071c000000| Untracked 
| 144|0x000000071c200000, 0x000000071c200000, 0x000000071c400000|  0%| F|  |TAMS 0x000000071c200000| PB 0x000000071c200000| Untracked 
| 145|0x000000071c400000, 0x000000071c400000, 0x000000071c600000|  0%| F|  |TAMS 0x000000071c400000| PB 0x000000071c400000| Untracked 
| 146|0x000000071c600000, 0x000000071c600000, 0x000000071c800000|  0%| F|  |TAMS 0x000000071c600000| PB 0x000000071c600000| Untracked 
| 147|0x000000071c800000, 0x000000071c800000, 0x000000071ca00000|  0%| F|  |TAMS 0x000000071c800000| PB 0x000000071c800000| Untracked 
| 148|0x000000071ca00000, 0x000000071ca00000, 0x000000071cc00000|  0%| F|  |TAMS 0x000000071ca00000| PB 0x000000071ca00000| Untracked 
| 149|0x000000071cc00000, 0x000000071cc00000, 0x000000071ce00000|  0%| F|  |TAMS 0x000000071cc00000| PB 0x000000071cc00000| Untracked 
| 150|0x000000071ce00000, 0x000000071ce00000, 0x000000071d000000|  0%| F|  |TAMS 0x000000071ce00000| PB 0x000000071ce00000| Untracked 
| 151|0x000000071d000000, 0x000000071d000000, 0x000000071d200000|  0%| F|  |TAMS 0x000000071d000000| PB 0x000000071d000000| Untracked 
| 152|0x000000071d200000, 0x000000071d200000, 0x000000071d400000|  0%| F|  |TAMS 0x000000071d200000| PB 0x000000071d200000| Untracked 
| 153|0x000000071d400000, 0x000000071d400000, 0x000000071d600000|  0%| F|  |TAMS 0x000000071d400000| PB 0x000000071d400000| Untracked 
| 154|0x000000071d600000, 0x000000071d600000, 0x000000071d800000|  0%| F|  |TAMS 0x000000071d600000| PB 0x000000071d600000| Untracked 
| 155|0x000000071d800000, 0x000000071d800000, 0x000000071da00000|  0%| F|  |TAMS 0x000000071d800000| PB 0x000000071d800000| Untracked 
| 156|0x000000071da00000, 0x000000071da00000, 0x000000071dc00000|  0%| F|  |TAMS 0x000000071da00000| PB 0x000000071da00000| Untracked 
| 157|0x000000071dc00000, 0x000000071dc00000, 0x000000071de00000|  0%| F|  |TAMS 0x000000071dc00000| PB 0x000000071dc00000| Untracked 
| 158|0x000000071de00000, 0x000000071de00000, 0x000000071e000000|  0%| F|  |TAMS 0x000000071de00000| PB 0x000000071de00000| Untracked 
| 159|0x000000071e000000, 0x000000071e000000, 0x000000071e200000|  0%| F|  |TAMS 0x000000071e000000| PB 0x000000071e000000| Untracked 
| 160|0x000000071e200000, 0x000000071e200000, 0x000000071e400000|  0%| F|  |TAMS 0x000000071e200000| PB 0x000000071e200000| Untracked 
| 161|0x000000071e400000, 0x000000071e400000, 0x000000071e600000|  0%| F|  |TAMS 0x000000071e400000| PB 0x000000071e400000| Untracked 
| 162|0x000000071e600000, 0x000000071e600000, 0x000000071e800000|  0%| F|  |TAMS 0x000000071e600000| PB 0x000000071e600000| Untracked 
| 163|0x000000071e800000, 0x000000071e800000, 0x000000071ea00000|  0%| F|  |TAMS 0x000000071e800000| PB 0x000000071e800000| Untracked 
| 164|0x000000071ea00000, 0x000000071ea00000, 0x000000071ec00000|  0%| F|  |TAMS 0x000000071ea00000| PB 0x000000071ea00000| Untracked 
| 165|0x000000071ec00000, 0x000000071ec00000, 0x000000071ee00000|  0%| F|  |TAMS 0x000000071ec00000| PB 0x000000071ec00000| Untracked 
| 166|0x000000071ee00000, 0x000000071ee00000, 0x000000071f000000|  0%| F|  |TAMS 0x000000071ee00000| PB 0x000000071ee00000| Untracked 
| 167|0x000000071f000000, 0x000000071f000000, 0x000000071f200000|  0%| F|  |TAMS 0x000000071f000000| PB 0x000000071f000000| Untracked 
| 168|0x000000071f200000, 0x000000071f200000, 0x000000071f400000|  0%| F|  |TAMS 0x000000071f200000| PB 0x000000071f200000| Untracked 
| 169|0x000000071f400000, 0x000000071f400000, 0x000000071f600000|  0%| F|  |TAMS 0x000000071f400000| PB 0x000000071f400000| Untracked 
| 170|0x000000071f600000, 0x000000071f600000, 0x000000071f800000|  0%| F|  |TAMS 0x000000071f600000| PB 0x000000071f600000| Untracked 
| 171|0x000000071f800000, 0x000000071f800000, 0x000000071fa00000|  0%| F|  |TAMS 0x000000071f800000| PB 0x000000071f800000| Untracked 
| 172|0x000000071fa00000, 0x000000071fa00000, 0x000000071fc00000|  0%| F|  |TAMS 0x000000071fa00000| PB 0x000000071fa00000| Untracked 
| 173|0x000000071fc00000, 0x000000071fc00000, 0x000000071fe00000|  0%| F|  |TAMS 0x000000071fc00000| PB 0x000000071fc00000| Untracked 
| 174|0x000000071fe00000, 0x000000071fe00000, 0x0000000720000000|  0%| F|  |TAMS 0x000000071fe00000| PB 0x000000071fe00000| Untracked 
| 175|0x0000000720000000, 0x0000000720000000, 0x0000000720200000|  0%| F|  |TAMS 0x0000000720000000| PB 0x0000000720000000| Untracked 
| 176|0x0000000720200000, 0x0000000720200000, 0x0000000720400000|  0%| F|  |TAMS 0x0000000720200000| PB 0x0000000720200000| Untracked 
| 177|0x0000000720400000, 0x0000000720400000, 0x0000000720600000|  0%| F|  |TAMS 0x0000000720400000| PB 0x0000000720400000| Untracked 
| 178|0x0000000720600000, 0x0000000720600000, 0x0000000720800000|  0%| F|  |TAMS 0x0000000720600000| PB 0x0000000720600000| Untracked 
| 179|0x0000000720800000, 0x0000000720800000, 0x0000000720a00000|  0%| F|  |TAMS 0x0000000720800000| PB 0x0000000720800000| Untracked 
| 180|0x0000000720a00000, 0x0000000720a00000, 0x0000000720c00000|  0%| F|  |TAMS 0x0000000720a00000| PB 0x0000000720a00000| Untracked 
| 181|0x0000000720c00000, 0x0000000720c00000, 0x0000000720e00000|  0%| F|  |TAMS 0x0000000720c00000| PB 0x0000000720c00000| Untracked 
| 182|0x0000000720e00000, 0x0000000720e00000, 0x0000000721000000|  0%| F|  |TAMS 0x0000000720e00000| PB 0x0000000720e00000| Untracked 
| 183|0x0000000721000000, 0x0000000721000000, 0x0000000721200000|  0%| F|  |TAMS 0x0000000721000000| PB 0x0000000721000000| Untracked 
| 184|0x0000000721200000, 0x0000000721200000, 0x0000000721400000|  0%| F|  |TAMS 0x0000000721200000| PB 0x0000000721200000| Untracked 
| 185|0x0000000721400000, 0x0000000721400000, 0x0000000721600000|  0%| F|  |TAMS 0x0000000721400000| PB 0x0000000721400000| Untracked 
| 186|0x0000000721600000, 0x0000000721600000, 0x0000000721800000|  0%| F|  |TAMS 0x0000000721600000| PB 0x0000000721600000| Untracked 
| 187|0x0000000721800000, 0x0000000721800000, 0x0000000721a00000|  0%| F|  |TAMS 0x0000000721800000| PB 0x0000000721800000| Untracked 
| 188|0x0000000721a00000, 0x0000000721a00000, 0x0000000721c00000|  0%| F|  |TAMS 0x0000000721a00000| PB 0x0000000721a00000| Untracked 
| 189|0x0000000721c00000, 0x0000000721c00000, 0x0000000721e00000|  0%| F|  |TAMS 0x0000000721c00000| PB 0x0000000721c00000| Untracked 
| 190|0x0000000721e00000, 0x0000000721e00000, 0x0000000722000000|  0%| F|  |TAMS 0x0000000721e00000| PB 0x0000000721e00000| Untracked 
| 191|0x0000000722000000, 0x0000000722000000, 0x0000000722200000|  0%| F|  |TAMS 0x0000000722000000| PB 0x0000000722000000| Untracked 
| 192|0x0000000722200000, 0x0000000722200000, 0x0000000722400000|  0%| F|  |TAMS 0x0000000722200000| PB 0x0000000722200000| Untracked 
| 193|0x0000000722400000, 0x0000000722400000, 0x0000000722600000|  0%| F|  |TAMS 0x0000000722400000| PB 0x0000000722400000| Untracked 
| 194|0x0000000722600000, 0x0000000722600000, 0x0000000722800000|  0%| F|  |TAMS 0x0000000722600000| PB 0x0000000722600000| Untracked 
| 195|0x0000000722800000, 0x0000000722800000, 0x0000000722a00000|  0%| F|  |TAMS 0x0000000722800000| PB 0x0000000722800000| Untracked 
| 196|0x0000000722a00000, 0x0000000722a00000, 0x0000000722c00000|  0%| F|  |TAMS 0x0000000722a00000| PB 0x0000000722a00000| Untracked 
| 197|0x0000000722c00000, 0x0000000722c00000, 0x0000000722e00000|  0%| F|  |TAMS 0x0000000722c00000| PB 0x0000000722c00000| Untracked 
| 198|0x0000000722e00000, 0x0000000722e00000, 0x0000000723000000|  0%| F|  |TAMS 0x0000000722e00000| PB 0x0000000722e00000| Untracked 
| 199|0x0000000723000000, 0x0000000723000000, 0x0000000723200000|  0%| F|  |TAMS 0x0000000723000000| PB 0x0000000723000000| Untracked 
| 200|0x0000000723200000, 0x0000000723200000, 0x0000000723400000|  0%| F|  |TAMS 0x0000000723200000| PB 0x0000000723200000| Untracked 
| 201|0x0000000723400000, 0x0000000723400000, 0x0000000723600000|  0%| F|  |TAMS 0x0000000723400000| PB 0x0000000723400000| Untracked 
| 202|0x0000000723600000, 0x0000000723778228, 0x0000000723800000| 73%| S|CS|TAMS 0x0000000723600000| PB 0x0000000723600000| Complete 
| 203|0x0000000723800000, 0x0000000723a00000, 0x0000000723a00000|100%| S|CS|TAMS 0x0000000723800000| PB 0x0000000723800000| Complete 
| 204|0x0000000723a00000, 0x0000000723a00000, 0x0000000723c00000|  0%| F|  |TAMS 0x0000000723a00000| PB 0x0000000723a00000| Untracked 

Card table byte_map: [0x000001aa53550000,0x000001aa53d00000] _byte_map_base: 0x000001aa4fcff000

Marking Bits: (CMBitMap*) 0x000001aa3ff35510
 Bits: [0x000001aa544b0000, 0x000001aa58228000)

Polling page: 0x000001aa3dd50000

Metaspace:

Usage:
  Non-class:     12.97 MB used.
      Class:      1.39 MB used.
       Both:     14.36 MB used.

Virtual space:
  Non-class space:       64.00 MB reserved,      13.06 MB ( 20%) committed,  1 nodes.
      Class space:        1.00 GB reserved,       1.50 MB ( <1%) committed,  1 nodes.
             Both:        1.06 GB reserved,      14.56 MB (  1%) committed. 

Chunk freelists:
   Non-Class:  2.94 MB
       Class:  2.52 MB
        Both:  5.45 MB

MaxMetaspaceSize: unlimited
CompressedClassSpaceSize: 1.00 GB
Initial GC threshold: 21.00 MB
Current GC threshold: 24.31 MB
CDS: off
MetaspaceReclaimPolicy: balanced
 - commit_granule_bytes: 65536.
 - commit_granule_words: 8192.
 - virtual_space_node_default_size: 8388608.
 - enlarge_chunks_in_place: 1.
 - new_chunks_are_fully_committed: 0.
 - uncommit_free_chunks: 1.
 - use_allocation_guard: 0.


Internal statistics:

num_allocs_failed_limit: 0.
num_arena_births: 144.
num_arena_deaths: 0.
num_vsnodes_births: 2.
num_vsnodes_deaths: 0.
num_space_committed: 233.
num_space_uncommitted: 0.
num_chunks_returned_to_freelist: 0.
num_chunks_taken_from_freelist: 223.
num_chunk_merges: 0.
num_chunk_splits: 118.
num_chunks_enlarged: 48.
num_inconsistent_stats: 0.

CodeHeap 'non-profiled nmethods': size=120000Kb used=380Kb max_used=380Kb free=119619Kb
 bounds [0x000001aa4b320000, 0x000001aa4b590000, 0x000001aa52850000]
CodeHeap 'profiled nmethods': size=120000Kb used=1179Kb max_used=1338Kb free=118820Kb
 bounds [0x000001aa43850000, 0x000001aa43ac0000, 0x000001aa4ad80000]
CodeHeap 'non-nmethods': size=5760Kb used=1592Kb max_used=1610Kb free=4167Kb
 bounds [0x000001aa4ad80000, 0x000001aa4aff0000, 0x000001aa4b320000]
 total_blobs=1485 nmethods=881 adapters=515
 compilation: enabled
              stopped_count=0, restarted_count=0
 full_count=0

Compilation events (20 events):
Event: 2.067 Thread 0x000001aa5f080f50 nmethod 952 0x000001aa4b37cd90 code [0x000001aa4b37cf80, 0x000001aa4b37e070]
Event: 2.067 Thread 0x000001aa5f080f50  953 %     4       Core.Render.Bitmaps.BitmapMask::<init> @ 40 (71 bytes)
Event: 2.073 Thread 0x000001aa5f080f50 nmethod 953% 0x000001aa4b369090 code [0x000001aa4b369200, 0x000001aa4b369570]
Event: 2.073 Thread 0x000001aa5f080f50  954       4       Core.Render.Bitmaps.BitmapMask::<init> (71 bytes)
Event: 2.080 Thread 0x000001aa5f080f50 nmethod 954 0x000001aa4b37e510 code [0x000001aa4b37e680, 0x000001aa4b37eba0]
Event: 2.081 Thread 0x000001aa5f080f50  955 %     4       Core.Render.Bitmaps.BitmapMask::applyThreshold @ 6 (62 bytes)
Event: 2.083 Thread 0x000001aa5f080f50 nmethod 955% 0x000001aa4b338a10 code [0x000001aa4b338b80, 0x000001aa4b338da8]
Event: 2.083 Thread 0x000001aa5f080f50  956       4       Core.Render.Bitmaps.BitmapMask::applyThreshold (62 bytes)
Event: 2.085 Thread 0x000001aa5f080f50 nmethod 956 0x000001aa4b368a10 code [0x000001aa4b368b80, 0x000001aa4b368de0]
Event: 2.098 Thread 0x000001aa5f09bad0  957 %     3       Core.Render.Bitmaps.BitmapARGB::<init> @ 42 (73 bytes)
Event: 2.098 Thread 0x000001aa5f09bad0 nmethod 957% 0x000001aa43859d90 code [0x000001aa43859f40, 0x000001aa4385a388]
Event: 2.098 Thread 0x000001aa5f09bad0  958       3       Core.Render.Bitmaps.BitmapARGB::<init> (73 bytes)
Event: 2.098 Thread 0x000001aa5f09bad0 nmethod 958 0x000001aa43857a90 code [0x000001aa43857c40, 0x000001aa43858000]
Event: 2.099 Thread 0x000001aa5f080f50  959 %     4       Core.Render.Bitmaps.BitmapARGB::<init> @ 42 (73 bytes)
Event: 2.105 Thread 0x000001aa5f080f50 nmethod 959% 0x000001aa4b37ed10 code [0x000001aa4b37ee80, 0x000001aa4b37f158]
Event: 2.105 Thread 0x000001aa5f080f50  960       4       Core.Render.Bitmaps.BitmapARGB::<init> (73 bytes)
Event: 2.113 Thread 0x000001aa5f080f50 nmethod 960 0x000001aa4b37f290 code [0x000001aa4b37f400, 0x000001aa4b37f898]
Event: 2.120 Thread 0x000001aa5f080f50  961       4       Core.Render.Bitmaps.BitmapMask::ApplyToBitmap (92 bytes)
Event: 2.146 Thread 0x000001aa5f09bad0  964  s    1       java.util.Vector::size (5 bytes)
Event: 2.146 Thread 0x000001aa5f09bad0 nmethod 964 0x000001aa4b329790 code [0x000001aa4b329920, 0x000001aa4b329aa8]

GC Heap History (20 events):
Event: 0.625 GC heap after
{Heap after GC invocations=1 (full 0):
 garbage-first heap   total 251904K, used 65589K [0x000000070a200000, 0x0000000800000000)
  region size 2048K, 2 young (4096K), 2 survivors (4096K)
 Metaspace       used 14666K, committed 14912K, reserved 1114112K
  class space    used 1423K, committed 1536K, reserved 1048576K
}
Event: 0.782 GC heap before
{Heap before GC invocations=1 (full 0):
 garbage-first heap   total 251904K, used 104501K [0x000000070a200000, 0x0000000800000000)
  region size 2048K, 22 young (45056K), 2 survivors (4096K)
 Metaspace       used 14676K, committed 14912K, reserved 1114112K
  class space    used 1423K, committed 1536K, reserved 1048576K
}
Event: 0.785 GC heap after
{Heap after GC invocations=2 (full 0):
 garbage-first heap   total 251904K, used 65515K [0x000000070a200000, 0x0000000800000000)
  region size 2048K, 1 young (2048K), 1 survivors (2048K)
 Metaspace       used 14676K, committed 14912K, reserved 1114112K
  class space    used 1423K, committed 1536K, reserved 1048576K
}
Event: 0.798 GC heap before
{Heap before GC invocations=2 (full 0):
 garbage-first heap   total 251904K, used 67563K [0x000000070a200000, 0x0000000800000000)
  region size 2048K, 3 young (6144K), 1 survivors (2048K)
 Metaspace       used 14676K, committed 14912K, reserved 1114112K
  class space    used 1423K, committed 1536K, reserved 1048576K
}
Event: 0.801 GC heap after
{Heap after GC invocations=3 (full 0):
 garbage-first heap   total 251904K, used 65518K [0x000000070a200000, 0x0000000800000000)
  region size 2048K, 1 young (2048K), 1 survivors (2048K)
 Metaspace       used 14676K, committed 14912K, reserved 1114112K
  class space    used 1423K, committed 1536K, reserved 1048576K
}
Event: 0.817 GC heap before
{Heap before GC invocations=3 (full 0):
 garbage-first heap   total 251904K, used 122862K [0x000000070a200000, 0x0000000800000000)
  region size 2048K, 2 young (4096K), 1 survivors (2048K)
 Metaspace       used 14676K, committed 14912K, reserved 1114112K
  class space    used 1423K, committed 1536K, reserved 1048576K
}
Event: 0.819 GC heap after
{Heap after GC invocations=4 (full 0):
 garbage-first heap   total 251904K, used 122838K [0x000000070a200000, 0x0000000800000000)
  region size 2048K, 1 young (2048K), 1 survivors (2048K)
 Metaspace       used 14676K, committed 14912K, reserved 1114112K
  class space    used 1423K, committed 1536K, reserved 1048576K
}
Event: 1.181 GC heap before
{Heap before GC invocations=5 (full 0):
 garbage-first heap   total 301056K, used 180182K [0x000000070a200000, 0x0000000800000000)
  region size 2048K, 2 young (4096K), 1 survivors (2048K)
 Metaspace       used 14684K, committed 14912K, reserved 1114112K
  class space    used 1424K, committed 1536K, reserved 1048576K
}
Event: 1.184 GC heap after
{Heap after GC invocations=6 (full 0):
 garbage-first heap   total 301056K, used 65410K [0x000000070a200000, 0x0000000800000000)
  region size 2048K, 1 young (2048K), 1 survivors (2048K)
 Metaspace       used 14684K, committed 14912K, reserved 1114112K
  class space    used 1424K, committed 1536K, reserved 1048576K
}
Event: 1.320 GC heap before
{Heap before GC invocations=6 (full 0):
 garbage-first heap   total 301056K, used 184194K [0x000000070a200000, 0x0000000800000000)
  region size 2048K, 25 young (51200K), 1 survivors (2048K)
 Metaspace       used 14707K, committed 14912K, reserved 1114112K
  class space    used 1428K, committed 1536K, reserved 1048576K
}
Event: 1.322 GC heap after
{Heap after GC invocations=7 (full 0):
 garbage-first heap   total 301056K, used 23251K [0x000000070a200000, 0x0000000800000000)
  region size 2048K, 2 young (4096K), 2 survivors (4096K)
 Metaspace       used 14707K, committed 14912K, reserved 1114112K
  class space    used 1428K, committed 1536K, reserved 1048576K
}
Event: 1.606 GC heap before
{Heap before GC invocations=7 (full 0):
 garbage-first heap   total 301056K, used 174803K [0x000000070a200000, 0x0000000800000000)
  region size 2048K, 40 young (81920K), 2 survivors (4096K)
 Metaspace       used 14707K, committed 14912K, reserved 1114112K
  class space    used 1428K, committed 1536K, reserved 1048576K
}
Event: 1.608 GC heap after
{Heap after GC invocations=8 (full 0):
 garbage-first heap   total 301056K, used 99035K [0x000000070a200000, 0x0000000800000000)
  region size 2048K, 2 young (4096K), 2 survivors (4096K)
 Metaspace       used 14707K, committed 14912K, reserved 1114112K
  class space    used 1428K, committed 1536K, reserved 1048576K
}
Event: 1.614 GC heap before
{Heap before GC invocations=8 (full 0):
 garbage-first heap   total 301056K, used 174811K [0x000000070a200000, 0x0000000800000000)
  region size 2048K, 3 young (6144K), 2 survivors (4096K)
 Metaspace       used 14707K, committed 14912K, reserved 1114112K
  class space    used 1428K, committed 1536K, reserved 1048576K
}
Event: 1.616 GC heap after
{Heap after GC invocations=9 (full 0):
 garbage-first heap   total 301056K, used 174817K [0x000000070a200000, 0x0000000800000000)
  region size 2048K, 2 young (4096K), 2 survivors (4096K)
 Metaspace       used 14707K, committed 14912K, reserved 1114112K
  class space    used 1428K, committed 1536K, reserved 1048576K
}
Event: 2.061 GC heap before
{Heap before GC invocations=10 (full 0):
 garbage-first heap   total 419840K, used 250593K [0x000000070a200000, 0x0000000800000000)
  region size 2048K, 3 young (6144K), 2 survivors (4096K)
 Metaspace       used 14707K, committed 14912K, reserved 1114112K
  class space    used 1428K, committed 1536K, reserved 1048576K
}
Event: 2.064 GC heap after
{Heap after GC invocations=11 (full 0):
 garbage-first heap   total 419840K, used 99052K [0x000000070a200000, 0x0000000800000000)
  region size 2048K, 2 young (4096K), 2 survivors (4096K)
 Metaspace       used 14707K, committed 14912K, reserved 1114112K
  class space    used 1428K, committed 1536K, reserved 1048576K
}
Event: 2.091 GC heap before
{Heap before GC invocations=11 (full 0):
 garbage-first heap   total 419840K, used 119532K [0x000000070a200000, 0x0000000800000000)
  region size 2048K, 3 young (6144K), 2 survivors (4096K)
 Metaspace       used 14707K, committed 14912K, reserved 1114112K
  class space    used 1428K, committed 1536K, reserved 1048576K
}
Event: 2.093 GC heap after
{Heap after GC invocations=12 (full 0):
 garbage-first heap   total 419840K, used 119530K [0x000000070a200000, 0x0000000800000000)
  region size 2048K, 2 young (4096K), 2 survivors (4096K)
 Metaspace       used 14707K, committed 14912K, reserved 1114112K
  class space    used 1428K, committed 1536K, reserved 1048576K
}
Event: 2.146 GC heap before
{Heap before GC invocations=12 (full 0):
 garbage-first heap   total 419840K, used 195306K [0x000000070a200000, 0x0000000800000000)
  region size 2048K, 3 young (6144K), 2 survivors (4096K)
 Metaspace       used 14707K, committed 14912K, reserved 1114112K
  class space    used 1428K, committed 1536K, reserved 1048576K
}

Dll operation events (9 events):
Event: 0.005 Loaded shared library C:\Users\ayaad\.p2\pool\plugins\org.eclipse.justj.openjdk.hotspot.jre.full.win32.x86_64_20.0.2.v20230801-2057\jre\bin\java.dll
Event: 0.010 Loaded shared library C:\Users\ayaad\.p2\pool\plugins\org.eclipse.justj.openjdk.hotspot.jre.full.win32.x86_64_20.0.2.v20230801-2057\jre\bin\zip.dll
Event: 0.096 Loaded shared library C:\Users\ayaad\.p2\pool\plugins\org.eclipse.justj.openjdk.hotspot.jre.full.win32.x86_64_20.0.2.v20230801-2057\jre\bin\net.dll
Event: 0.098 Loaded shared library C:\Users\ayaad\.p2\pool\plugins\org.eclipse.justj.openjdk.hotspot.jre.full.win32.x86_64_20.0.2.v20230801-2057\jre\bin\nio.dll
Event: 0.141 Loaded shared library C:\Users\ayaad\.p2\pool\plugins\org.eclipse.justj.openjdk.hotspot.jre.full.win32.x86_64_20.0.2.v20230801-2057\jre\bin\zip.dll
Event: 0.185 Loaded shared library C:\Users\ayaad\.p2\pool\plugins\org.eclipse.justj.openjdk.hotspot.jre.full.win32.x86_64_20.0.2.v20230801-2057\jre\bin\jimage.dll
Event: 0.200 Loaded shared library C:\Users\ayaad\.p2\pool\plugins\org.eclipse.justj.openjdk.hotspot.jre.full.win32.x86_64_20.0.2.v20230801-2057\jre\bin\awt.dll
Event: 0.387 Loaded shared library C:\Users\ayaad\.p2\pool\plugins\org.eclipse.justj.openjdk.hotspot.jre.full.win32.x86_64_20.0.2.v20230801-2057\jre\bin\freetype.dll
Event: 0.387 Loaded shared library C:\Users\ayaad\.p2\pool\plugins\org.eclipse.justj.openjdk.hotspot.jre.full.win32.x86_64_20.0.2.v20230801-2057\jre\bin\fontmanager.dll

Deoptimization events (20 events):
Event: 1.313 Thread 0x000001aa3de7e7d0 Uncommon trap: trap_request=0xffffff45 fr.pc=0x000001aa4b3703e8 relative=0x0000000000000368
Event: 1.313 Thread 0x000001aa3de7e7d0 Uncommon trap: reason=unstable_if action=reinterpret pc=0x000001aa4b3703e8 method=Core.Render.Bitmaps.BitmapARGB.<init>(LCore/Render/Bitmaps/BitmapARGB;)V @ 69 c2
Event: 1.313 Thread 0x000001aa3de7e7d0 DEOPT PACKING pc=0x000001aa4b3703e8 sp=0x00000012c59ff3a0
Event: 1.313 Thread 0x000001aa3de7e7d0 DEOPT UNPACKING pc=0x000001aa4ade9d22 sp=0x00000012c59ff360 mode 2
Event: 1.329 Thread 0x000001aa3de7e7d0 Uncommon trap: trap_request=0xffffff45 fr.pc=0x000001aa4b3699fc relative=0x00000000000001fc
Event: 1.329 Thread 0x000001aa3de7e7d0 Uncommon trap: reason=unstable_if action=reinterpret pc=0x000001aa4b3699fc method=java.util.zip.Inflater.needsInput()Z @ 13 c2
Event: 1.329 Thread 0x000001aa3de7e7d0 DEOPT PACKING pc=0x000001aa4b3699fc sp=0x00000012c59feb70
Event: 1.329 Thread 0x000001aa3de7e7d0 DEOPT UNPACKING pc=0x000001aa4ade9d22 sp=0x00000012c59feb20 mode 2
Event: 1.642 Thread 0x000001aa3de7e7d0 DEOPT PACKING pc=0x000001aa4398f5f6 sp=0x00000012c59ff300
Event: 1.642 Thread 0x000001aa3de7e7d0 DEOPT UNPACKING pc=0x000001aa4adea4c2 sp=0x00000012c59fe7b0 mode 0
Event: 2.036 Thread 0x000001aa3de7e7d0 DEOPT PACKING pc=0x000001aa43991bdc sp=0x00000012c59ff3c0
Event: 2.036 Thread 0x000001aa3de7e7d0 DEOPT UNPACKING pc=0x000001aa4adea4c2 sp=0x00000012c59fe8d8 mode 0
Event: 2.073 Thread 0x000001aa3de7e7d0 DEOPT PACKING pc=0x000001aa43992f85 sp=0x00000012c59ff450
Event: 2.073 Thread 0x000001aa3de7e7d0 DEOPT UNPACKING pc=0x000001aa4adea4c2 sp=0x00000012c59fe8f0 mode 0
Event: 2.083 Thread 0x000001aa3de7e7d0 DEOPT PACKING pc=0x000001aa43993c57 sp=0x00000012c59ff450
Event: 2.083 Thread 0x000001aa3de7e7d0 DEOPT UNPACKING pc=0x000001aa4adea4c2 sp=0x00000012c59fe8e0 mode 0
Event: 2.105 Thread 0x000001aa3de7e7d0 DEOPT PACKING pc=0x000001aa4385a30b sp=0x00000012c59ff390
Event: 2.105 Thread 0x000001aa3de7e7d0 DEOPT UNPACKING pc=0x000001aa4adea4c2 sp=0x00000012c59fe840 mode 0
Event: 2.120 Thread 0x000001aa3de7e7d0 DEOPT PACKING pc=0x000001aa43996db2 sp=0x00000012c59ff400
Event: 2.120 Thread 0x000001aa3de7e7d0 DEOPT UNPACKING pc=0x000001aa4adea4c2 sp=0x00000012c59fe8d8 mode 0

Classes loaded (20 events):
Event: 0.523 Loading class com/sun/imageio/plugins/png/PNGImageDataEnumeration
Event: 0.523 Loading class com/sun/imageio/plugins/png/PNGImageDataEnumeration done
Event: 0.523 Loading class java/io/SequenceInputStream
Event: 0.523 Loading class java/io/SequenceInputStream done
Event: 0.523 Loading class com/sun/imageio/plugins/common/SubImageInputStream
Event: 0.523 Loading class com/sun/imageio/plugins/common/SubImageInputStream done
Event: 0.523 Loading class com/sun/imageio/plugins/common/InputStreamAdapter
Event: 0.523 Loading class com/sun/imageio/plugins/common/InputStreamAdapter done
Event: 0.523 Loading class javax/imageio/ImageTypeSpecifier$Interleaved
Event: 0.523 Loading class javax/imageio/ImageTypeSpecifier$Interleaved done
Event: 0.523 Loading class javax/imageio/ImageTypeSpecifier$Packed
Event: 0.523 Loading class javax/imageio/ImageTypeSpecifier$Packed done
Event: 0.523 Loading class java/awt/image/SinglePixelPackedSampleModel
Event: 0.523 Loading class java/awt/image/SinglePixelPackedSampleModel done
Event: 0.539 Loading class java/awt/image/BufferedImage$1
Event: 0.539 Loading class java/awt/image/BufferedImage$1 done
Event: 0.539 Loading class sun/awt/image/IntegerComponentRaster
Event: 0.539 Loading class sun/awt/image/IntegerComponentRaster done
Event: 0.539 Loading class sun/awt/image/ShortComponentRaster
Event: 0.539 Loading class sun/awt/image/ShortComponentRaster done

Classes unloaded (0 events):
No events

Classes redefined (0 events):
No events

Internal exceptions (19 events):
Event: 0.109 Thread 0x000001aa3de7e7d0 Exception <a 'java/lang/NoSuchMethodError'{0x00000007197931d0}: 'void java.lang.invoke.DirectMethodHandle$Holder.invokeVirtual(java.lang.Object, java.lang.Object)'> (0x00000007197931d0) 
thrown [s\src\hotspot\share\interpreter\linkResolver.cpp, line 773]
Event: 0.110 Thread 0x000001aa3de7e7d0 Exception <a 'java/lang/NoSuchMethodError'{0x000000071979f158}: 'java.lang.Object java.lang.invoke.DirectMethodHandle$Holder.invokeInterface(java.lang.Object, java.lang.Object, java.lang.Object)'> (0x000000071979f158) 
thrown [s\src\hotspot\share\interpreter\linkResolver.cpp, line 773]
Event: 0.188 Thread 0x000001aa3de7e7d0 Exception <a 'sun/nio/fs/WindowsException'{0x00000007195ddee8}> (0x00000007195ddee8) 
thrown [s\src\hotspot\share\prims\jni.cpp, line 519]
Event: 0.191 Thread 0x000001aa3de7e7d0 Exception <a 'java/lang/ClassNotFoundException'{0x00000007195e3c48}: sun/awt/resources/spi/awtProvider> (0x00000007195e3c48) 
thrown [s\src\hotspot\share\classfile\systemDictionary.cpp, line 305]
Event: 0.209 Thread 0x000001aa3de7e7d0 Exception <a 'java/io/FileNotFoundException'{0x000000071923c4b0}> (0x000000071923c4b0) 
thrown [s\src\hotspot\share\prims\jni.cpp, line 519]
Event: 0.214 Thread 0x000001aa3de7e7d0 Exception <a 'java/io/FileNotFoundException'{0x00000007192665e8}> (0x00000007192665e8) 
thrown [s\src\hotspot\share\prims\jni.cpp, line 519]
Event: 0.329 Thread 0x000001aa3de7e7d0 Exception <a 'java/lang/NoSuchMethodError'{0x00000007193e71f8}: 'void java.lang.invoke.DirectMethodHandle$Holder.invokeSpecial(java.lang.Object, java.lang.Object, java.lang.Object)'> (0x00000007193e71f8) 
thrown [s\src\hotspot\share\interpreter\linkResolver.cpp, line 773]
Event: 0.335 Thread 0x000001aa3de7e7d0 Exception <a 'java/lang/NoSuchMethodError'{0x0000000719011cd0}: 'java.lang.Object java.lang.invoke.DirectMethodHandle$Holder.newInvokeSpecial(java.lang.Object, java.lang.Object, java.lang.Object, java.lang.Object, java.lang.Object)'> (0x0000000719011cd0) 
thrown [s\src\hotspot\share\interpreter\linkResolver.cpp, line 773]
Event: 0.339 Thread 0x000001aa3de7e7d0 Exception <a 'java/lang/NoSuchMethodError'{0x0000000719042750}: 'java.lang.Object java.lang.invoke.DirectMethodHandle$Holder.invokeStatic(java.lang.Object, int, java.lang.Object)'> (0x0000000719042750) 
thrown [s\src\hotspot\share\interpreter\linkResolver.cpp, line 773]
Event: 0.356 Thread 0x000001aa3de7e7d0 Exception <a 'java/lang/ClassNotFoundException'{0x00000007190fcb00}: com/sun/swing/internal/plaf/metal/resources/spi/metalProvider> (0x00000007190fcb00) 
thrown [s\src\hotspot\share\classfile\systemDictionary.cpp, line 305]
Event: 0.357 Thread 0x000001aa3de7e7d0 Exception <a 'java/lang/ClassNotFoundException'{0x0000000719100a60}: com/sun/swing/internal/plaf/basic/resources/spi/basicProvider> (0x0000000719100a60) 
thrown [s\src\hotspot\share\classfile\systemDictionary.cpp, line 305]
Event: 0.364 Thread 0x000001aa3de7e7d0 Exception <a 'java/lang/NoSuchMethodError'{0x000000071911fdf8}: 'int java.lang.invoke.Invokers$Holder.invokeExact_MT(java.lang.Object, java.lang.Object)'> (0x000000071911fdf8) 
thrown [s\src\hotspot\share\interpreter\linkResolver.cpp, line 773]
Event: 0.383 Thread 0x000001aa3de7e7d0 Exception <a 'java/lang/NoSuchMethodError'{0x0000000719145c00}: 'void java.lang.invoke.DirectMethodHandle$Holder.invokeStaticInit(java.lang.Object)'> (0x0000000719145c00) 
thrown [s\src\hotspot\share\interpreter\linkResolver.cpp, line 773]
Event: 0.408 Thread 0x000001aa3de7e7d0 Exception <a 'sun/nio/fs/WindowsException'{0x0000000718e10ec8}> (0x0000000718e10ec8) 
thrown [s\src\hotspot\share\prims\jni.cpp, line 519]
Event: 0.516 Thread 0x000001aa3de7e7d0 Exception <a 'sun/nio/fs/WindowsException'{0x0000000718e44f20}> (0x0000000718e44f20) 
thrown [s\src\hotspot\share\prims\jni.cpp, line 519]
Event: 0.517 Thread 0x000001aa3de7e7d0 Exception <a 'sun/nio/fs/WindowsException'{0x0000000718e45e68}> (0x0000000718e45e68) 
thrown [s\src\hotspot\share\prims\jni.cpp, line 519]
Event: 0.517 Thread 0x000001aa3de7e7d0 Exception <a 'sun/nio/fs/WindowsException'{0x0000000718e46db0}> (0x0000000718e46db0) 
thrown [s\src\hotspot\share\prims\jni.cpp, line 519]
Event: 0.517 Thread 0x000001aa3de7e7d0 Exception <a 'sun/nio/fs/WindowsException'{0x0000000718e47cf8}> (0x0000000718e47cf8) 
thrown [s\src\hotspot\share\prims\jni.cpp, line 519]
Event: 0.518 Thread 0x000001aa3de7e7d0 Exception <a 'sun/nio/fs/WindowsException'{0x0000000718e48c38}> (0x0000000718e48c38) 
thrown [s\src\hotspot\share\prims\jni.cpp, line 519]

VM Operations (20 events):
Event: 0.847 Executing VM operation: G1PauseRemark done
Event: 0.848 Executing VM operation: G1PauseCleanup
Event: 0.848 Executing VM operation: G1PauseCleanup done
Event: 1.180 Executing VM operation: G1TryInitiateConcMark
Event: 1.184 Executing VM operation: G1TryInitiateConcMark done
Event: 1.320 Executing VM operation: G1TryInitiateConcMark
Event: 1.322 Executing VM operation: G1TryInitiateConcMark done
Event: 1.606 Executing VM operation: G1TryInitiateConcMark
Event: 1.608 Executing VM operation: G1TryInitiateConcMark done
Event: 1.614 Executing VM operation: G1TryInitiateConcMark
Event: 1.616 Executing VM operation: G1TryInitiateConcMark done
Event: 1.617 Executing VM operation: G1PauseRemark
Event: 1.641 Executing VM operation: G1PauseRemark done
Event: 1.642 Executing VM operation: G1PauseCleanup
Event: 1.642 Executing VM operation: G1PauseCleanup done
Event: 2.061 Executing VM operation: G1TryInitiateConcMark
Event: 2.064 Executing VM operation: G1TryInitiateConcMark done
Event: 2.090 Executing VM operation: G1TryInitiateConcMark
Event: 2.093 Executing VM operation: G1TryInitiateConcMark done
Event: 2.146 Executing VM operation: G1TryInitiateConcMark

Events (20 events):
Event: 1.641 Thread 0x000001aa5f008e40 flushing nmethod 0x000001aa43858790
Event: 1.641 Thread 0x000001aa5f008e40 flushing nmethod 0x000001aa43857e10
Event: 1.641 Thread 0x000001aa5f008e40 flushing nmethod 0x000001aa43865310
Event: 1.641 Thread 0x000001aa5f008e40 flushing nmethod 0x000001aa43857a90
Event: 1.641 Thread 0x000001aa5f008e40 flushing nmethod 0x000001aa43864e10
Event: 1.641 Thread 0x000001aa5f008e40 flushing nmethod 0x000001aa43854a90
Event: 1.641 Thread 0x000001aa5f008e40 flushing nmethod 0x000001aa43854010
Event: 1.641 Thread 0x000001aa5f008e40 flushing nmethod 0x000001aa43853910
Event: 1.641 Thread 0x000001aa5f008e40 flushing nmethod 0x000001aa43863f90
Event: 1.641 Thread 0x000001aa5f008e40 flushing nmethod 0x000001aa43852590
Event: 1.641 Thread 0x000001aa5f008e40 flushing nmethod 0x000001aa4385ad10
Event: 1.641 Thread 0x000001aa5f008e40 flushing nmethod 0x000001aa43851d10
Event: 1.641 Thread 0x000001aa5f008e40 flushing nmethod 0x000001aa43851610
Event: 1.641 Thread 0x000001aa5f008e40 flushing nmethod 0x000001aa43851290
Event: 1.641 Thread 0x000001aa5f008e40 flushing nmethod 0x000001aa43850490
Event: 1.641 Thread 0x000001aa5f008e40 flushing nmethod 0x000001aa4b364f10
Event: 1.641 Thread 0x000001aa5f008e40 flushing nmethod 0x000001aa4b332090
Event: 1.641 Thread 0x000001aa5f008e40 flushing nmethod 0x000001aa4b338a10
Event: 1.641 Thread 0x000001aa5f008e40 flushing nmethod 0x000001aa4b329790
Event: 1.641 Thread 0x000001aa5f008e40 flushing nmethod 0x000001aa4b320710


Dynamic libraries:
0x00007ff685c20000 - 0x00007ff685c2e000 	C:\Users\ayaad\.p2\pool\plugins\org.eclipse.justj.openjdk.hotspot.jre.full.win32.x86_64_20.0.2.v20230801-2057\jre\bin\javaw.exe
0x00007ffe4a5d0000 - 0x00007ffe4a7c8000 	C:\Windows\SYSTEM32\ntdll.dll
0x00007ffe48600000 - 0x00007ffe486c1000 	C:\Windows\System32\KERNEL32.DLL
0x00007ffe47f90000 - 0x00007ffe48286000 	C:\Windows\System32\KERNELBASE.dll
0x00007ffe47c80000 - 0x00007ffe47d80000 	C:\Windows\System32\ucrtbase.dll
0x00007ffe1e3c0000 - 0x00007ffe1e3d7000 	C:\Users\ayaad\.p2\pool\plugins\org.eclipse.justj.openjdk.hotspot.jre.full.win32.x86_64_20.0.2.v20230801-2057\jre\bin\jli.dll
0x00007ffe19c30000 - 0x00007ffe19c4b000 	C:\Users\ayaad\.p2\pool\plugins\org.eclipse.justj.openjdk.hotspot.jre.full.win32.x86_64_20.0.2.v20230801-2057\jre\bin\VCRUNTIME140.dll
0x00007ffe4a190000 - 0x00007ffe4a32f000 	C:\Windows\System32\USER32.dll
0x00007ffe48330000 - 0x00007ffe48352000 	C:\Windows\System32\win32u.dll
0x00007ffe307c0000 - 0x00007ffe30a5a000 	C:\Windows\WinSxS\amd64_microsoft.windows.common-controls_6595b64144ccf1df_6.0.19041.4355_none_60b8b9eb71f62e16\COMCTL32.dll
0x00007ffe48e30000 - 0x00007ffe48e5b000 	C:\Windows\System32\GDI32.dll
0x00007ffe49cf0000 - 0x00007ffe49d8e000 	C:\Windows\System32\msvcrt.dll
0x00007ffe48360000 - 0x00007ffe48477000 	C:\Windows\System32\gdi32full.dll
0x00007ffe48290000 - 0x00007ffe4832d000 	C:\Windows\System32\msvcp_win.dll
0x00007ffe48990000 - 0x00007ffe489bf000 	C:\Windows\System32\IMM32.DLL
0x00007ffe2d620000 - 0x00007ffe2d62c000 	C:\Users\ayaad\.p2\pool\plugins\org.eclipse.justj.openjdk.hotspot.jre.full.win32.x86_64_20.0.2.v20230801-2057\jre\bin\vcruntime140_1.dll
0x00007ffe17d80000 - 0x00007ffe17e0d000 	C:\Users\ayaad\.p2\pool\plugins\org.eclipse.justj.openjdk.hotspot.jre.full.win32.x86_64_20.0.2.v20230801-2057\jre\bin\msvcp140.dll
0x00007ffdd8e10000 - 0x00007ffdd9b1f000 	C:\Users\ayaad\.p2\pool\plugins\org.eclipse.justj.openjdk.hotspot.jre.full.win32.x86_64_20.0.2.v20230801-2057\jre\bin\server\jvm.dll
0x00007ffe4a390000 - 0x00007ffe4a440000 	C:\Windows\System32\ADVAPI32.dll
0x00007ffe49b70000 - 0x00007ffe49c10000 	C:\Windows\System32\sechost.dll
0x00007ffe4a460000 - 0x00007ffe4a583000 	C:\Windows\System32\RPCRT4.dll
0x00007ffe48510000 - 0x00007ffe48537000 	C:\Windows\System32\bcrypt.dll
0x00007ffe25cc0000 - 0x00007ffe25cc9000 	C:\Windows\SYSTEM32\WSOCK32.dll
0x00007ffe49af0000 - 0x00007ffe49b5b000 	C:\Windows\System32\WS2_32.dll
0x00007ffe3b670000 - 0x00007ffe3b697000 	C:\Windows\SYSTEM32\WINMM.dll
0x00007ffe40690000 - 0x00007ffe4069a000 	C:\Windows\SYSTEM32\VERSION.dll
0x00007ffe46480000 - 0x00007ffe46492000 	C:\Windows\SYSTEM32\kernel.appcore.dll
0x00007ffe43510000 - 0x00007ffe4351a000 	C:\Users\ayaad\.p2\pool\plugins\org.eclipse.justj.openjdk.hotspot.jre.full.win32.x86_64_20.0.2.v20230801-2057\jre\bin\jimage.dll
0x00007ffe45810000 - 0x00007ffe459f4000 	C:\Windows\SYSTEM32\DBGHELP.DLL
0x00007ffe2e5f0000 - 0x00007ffe2e624000 	C:\Windows\SYSTEM32\dbgcore.DLL
0x00007ffe48480000 - 0x00007ffe48502000 	C:\Windows\System32\bcryptPrimitives.dll
0x00007ffe41220000 - 0x00007ffe41246000 	C:\Users\ayaad\.p2\pool\plugins\org.eclipse.justj.openjdk.hotspot.jre.full.win32.x86_64_20.0.2.v20230801-2057\jre\bin\java.dll
0x00007ffe41180000 - 0x00007ffe41198000 	C:\Users\ayaad\.p2\pool\plugins\org.eclipse.justj.openjdk.hotspot.jre.full.win32.x86_64_20.0.2.v20230801-2057\jre\bin\zip.dll
0x00007ffe49260000 - 0x00007ffe499cc000 	C:\Windows\System32\SHELL32.dll
0x00007ffe45ca0000 - 0x00007ffe4643e000 	C:\Windows\SYSTEM32\windows.storage.dll
0x00007ffe48e70000 - 0x00007ffe491c3000 	C:\Windows\System32\combase.dll
0x00007ffe476a0000 - 0x00007ffe476ce000 	C:\Windows\SYSTEM32\Wldp.dll
0x00007ffe49d90000 - 0x00007ffe49e5d000 	C:\Windows\System32\OLEAUT32.dll
0x00007ffe4a0e0000 - 0x00007ffe4a18d000 	C:\Windows\System32\SHCORE.dll
0x00007ffe4a010000 - 0x00007ffe4a065000 	C:\Windows\System32\shlwapi.dll
0x00007ffe47bb0000 - 0x00007ffe47bd4000 	C:\Windows\SYSTEM32\profapi.dll
0x00007ffe41030000 - 0x00007ffe41043000 	C:\Users\ayaad\.p2\pool\plugins\org.eclipse.justj.openjdk.hotspot.jre.full.win32.x86_64_20.0.2.v20230801-2057\jre\bin\net.dll
0x00007ffe400b0000 - 0x00007ffe401ba000 	C:\Windows\SYSTEM32\WINHTTP.dll
0x00007ffe473e0000 - 0x00007ffe4744a000 	C:\Windows\system32\mswsock.dll
0x00007ffe403c0000 - 0x00007ffe403d6000 	C:\Users\ayaad\.p2\pool\plugins\org.eclipse.justj.openjdk.hotspot.jre.full.win32.x86_64_20.0.2.v20230801-2057\jre\bin\nio.dll
0x00007ffe16750000 - 0x00007ffe168e0000 	C:\Users\ayaad\.p2\pool\plugins\org.eclipse.justj.openjdk.hotspot.jre.full.win32.x86_64_20.0.2.v20230801-2057\jre\bin\awt.dll
0x00007ffe42a50000 - 0x00007ffe42ae4000 	C:\Windows\SYSTEM32\apphelp.dll
0x00007ffe449f0000 - 0x00007ffe44a1f000 	C:\Windows\system32\DWMAPI.DLL
0x00007ffe44710000 - 0x00007ffe447ae000 	C:\Windows\system32\uxtheme.dll
0x00007ffe12cd0000 - 0x00007ffe12df8000 	C:\Windows\system32\opengl32.dll
0x00007ffe131e0000 - 0x00007ffe1320c000 	C:\Windows\SYSTEM32\GLU32.dll
0x00007ffe499d0000 - 0x00007ffe49ae4000 	C:\Windows\System32\MSCTF.dll
0x00007ffe48780000 - 0x00007ffe488ab000 	C:\Windows\System32\ole32.dll
0x00007ffe12ef0000 - 0x00007ffe130c0000 	C:\Windows\system32\d3d9.dll
0x00007ffe3b6a0000 - 0x00007ffe3b85b000 	C:\Windows\System32\DriverStore\FileRepository\u0403852.inf_amd64_63c1d613d771eff0\B400781\aticfx64.dll
0x00007ffe16710000 - 0x00007ffe16744000 	C:\Windows\System32\DriverStore\FileRepository\u0403852.inf_amd64_63c1d613d771eff0\B400781\atiu9p64.dll
0x00007ffe13f60000 - 0x00007ffe14ca7000 	C:\Windows\System32\DriverStore\FileRepository\u0403852.inf_amd64_63c1d613d771eff0\B400781\atiumd64.dll
0x0000000070a80000 - 0x0000000071993000 	C:\Windows\System32\DriverStore\FileRepository\u0403852.inf_amd64_63c1d613d771eff0\B400781\atiumd6a.dll
0x00007ffe489c0000 - 0x00007ffe48e2e000 	C:\Windows\System32\SETUPAPI.dll
0x00007ffe48540000 - 0x00007ffe4858e000 	C:\Windows\System32\cfgmgr32.dll
0x00007ffe471d0000 - 0x00007ffe4721b000 	C:\Windows\SYSTEM32\POWRPROF.dll
0x00007ffe47040000 - 0x00007ffe47052000 	C:\Windows\SYSTEM32\UMPDC.dll
0x00007ffe3b0c0000 - 0x00007ffe3b0f5000 	C:\Windows\SYSTEM32\amdihk64.dll
0x00007ffe3c480000 - 0x00007ffe3c4bb000 	C:\Windows\SYSTEM32\dxcore.dll
0x00007ffe16680000 - 0x00007ffe16706000 	C:\Users\ayaad\.p2\pool\plugins\org.eclipse.justj.openjdk.hotspot.jre.full.win32.x86_64_20.0.2.v20230801-2057\jre\bin\freetype.dll
0x00007ffe13e80000 - 0x00007ffe13f53000 	C:\Users\ayaad\.p2\pool\plugins\org.eclipse.justj.openjdk.hotspot.jre.full.win32.x86_64_20.0.2.v20230801-2057\jre\bin\fontmanager.dll
0x00007ffe2bbc0000 - 0x00007ffe2bcb9000 	C:\Windows\SYSTEM32\textinputframework.dll
0x00007ffe42600000 - 0x00007ffe426f2000 	C:\Windows\System32\CoreMessaging.dll
0x00007ffe421a0000 - 0x00007ffe424fb000 	C:\Windows\System32\CoreUIComponents.dll
0x00007ffe439e0000 - 0x00007ffe43b37000 	C:\Windows\SYSTEM32\wintypes.dll
0x00007ffe46d90000 - 0x00007ffe46dc3000 	C:\Windows\SYSTEM32\ntmarta.dll

dbghelp: loaded successfully - version: 4.0.5 - missing functions: none
symbol engine: initialized successfully - sym options: 0x614 - pdb path: .;C:\Users\ayaad\.p2\pool\plugins\org.eclipse.justj.openjdk.hotspot.jre.full.win32.x86_64_20.0.2.v20230801-2057\jre\bin;C:\Windows\SYSTEM32;C:\Windows\WinSxS\amd64_microsoft.windows.common-controls_6595b64144ccf1df_6.0.19041.4355_none_60b8b9eb71f62e16;C:\Users\ayaad\.p2\pool\plugins\org.eclipse.justj.openjdk.hotspot.jre.full.win32.x86_64_20.0.2.v20230801-2057\jre\bin\server;C:\Windows\System32\DriverStore\FileRepository\u0403852.inf_amd64_63c1d613d771eff0\B400781

VM Arguments:
jvm_args: -Dfile.encoding=Cp1252 --module-path=D:\Projects-Workspaces\Eclipse\Java\eclipse-workspace\LDUI\bin;D:\Projects-Workspaces\Eclipse\Java\eclipse-workspace\LDUI\lib\slf4j-api-1.7.6.jar;D:\Projects-Workspaces\Eclipse\Java\eclipse-workspace\LDUI\lib\slf4j-simple-1.7.6.jar;D:\Projects-Workspaces\Eclipse\Java\eclipse-workspace\LDUI\lib\xuggle-xuggler-5.4.jar -XX:+ShowCodeDetailsInExceptionMessages -Djdk.module.main=LDUI 
java_command: LDUI/Core.Main.Program
java_class_path (initial): <not set>
Launcher Type: SUN_STANDARD

[Global flags]
     intx CICompilerCount                          = 4                                         {product} {ergonomic}
     uint ConcGCThreads                            = 3                                         {product} {ergonomic}
     uint G1ConcRefinementThreads                  = 10                                        {product} {ergonomic}
   size_t G1HeapRegionSize                         = 2097152                                   {product} {ergonomic}
    uintx GCDrainStackTargetSize                   = 64                                        {product} {ergonomic}
   size_t InitialHeapSize                          = 257949696                                 {product} {ergonomic}
   size_t MarkStackSize                            = 4194304                                   {product} {ergonomic}
   size_t MaxHeapSize                              = 4125097984                                {product} {ergonomic}
   size_t MaxNewSize                               = 2474639360                                {product} {ergonomic}
   size_t MinHeapDeltaBytes                        = 2097152                                   {product} {ergonomic}
   size_t MinHeapSize                              = 8388608                                   {product} {ergonomic}
    uintx NonNMethodCodeHeapSize                   = 5839372                                {pd product} {ergonomic}
    uintx NonProfiledCodeHeapSize                  = 122909434                              {pd product} {ergonomic}
    uintx ProfiledCodeHeapSize                     = 122909434                              {pd product} {ergonomic}
    uintx ReservedCodeCacheSize                    = 251658240                              {pd product} {ergonomic}
     bool SegmentedCodeCache                       = true                                      {product} {ergonomic}
     bool ShowCodeDetailsInExceptionMessages       = true                                   {manageable} {command line}
   size_t SoftMaxHeapSize                          = 4125097984                             {manageable} {ergonomic}
     bool UseCompressedClassPointers               = true                           {product lp64_product} {ergonomic}
     bool UseCompressedOops                        = true                           {product lp64_product} {ergonomic}
     bool UseG1GC                                  = true                                      {product} {ergonomic}
     bool UseLargePagesIndividualAllocation        = false                                  {pd product} {ergonomic}

Logging:
Log output configuration:
 #0: stdout all=warning uptime,level,tags foldmultilines=false
 #1: stderr all=off uptime,level,tags foldmultilines=false

Environment Variables:
JAVA_HOME=D:\Java\jdk-19
PATH=C:/Users/ayaad/.p2/pool/plugins/org.eclipse.justj.openjdk.hotspot.jre.full.win32.x86_64_20.0.2.v20230801-2057/jre/bin/server;C:/Users/ayaad/.p2/pool/plugins/org.eclipse.justj.openjdk.hotspot.jre.full.win32.x86_64_20.0.2.v20230801-2057/jre/bin;D:\Programs & Files\Program Files\Microsoft SDKs\Azure\CLI2\wbin;D:\Programs & Files\Program Files\Microsoft MPI\Bin\;D:\Programs & Files\Program Files\Python311\Scripts\;D:\Programs & Files\Program Files\Python311\;C:\Windows\system32;C:\Windows;C:\Windows\System32\Wbem;C:\Windows\System32\WindowsPowerShell\v1.0\;C:\Windows\System32\OpenSSH\;D:\Programs & Files\Program Files\Microsoft SQL Server\150\Tools\Binn\;C:\Windows\System32\WindowsPowerShell\v1.0;C:\Windows\System32;C:\Program Files (x86)\NoteBook FanControl\;D:\msys64\ucrt64\bin;D:\Java\jdk-19\bin;D:\SDKs\Android\Sdk\platform-tools;D:\sqlite;D:\Programs & Files\Program Files\Microsoft SQL Server\130\Tools\Binn\;D:\Programs & Files\Program Files\Microsoft SQL Server\Client SDK\ODBC\170\Tools\Binn\;D:\cmdtools\path;C:\Program Files (x86)\Microsoft SQL Server\160\Tools\Binn\;D:\Programs & Files\Program Files\Microsoft SQL Server\160\Tools\Binn\;D:\Programs & Files\Program Files\Microsoft SQL Server\160\DTS\Binn\;C:\Program Files (x86)\Windows Kits\10\Windows Performance Toolkit\;C:\Program Files (x86)\NVIDIA Corporation\PhysX\Common;C:\Program Files\Docker\Docker\resources\bin;D:\Programs & Files\Program Files\dotnet\;c:\Users\ayaad\AppData\Local\Programs\cursor\resources\app\bin;D:\Programs & Files\Program Files\NVIDIA Corporation\NVIDIA app\NvDLISR;D:\apache-maven-3.9.9-bin\apache-maven-3.9.9\bin;D:\Programs & Files\Program Files\TortoiseSVN\bin;D:\Programs & Files\Program Files\Devart\EntityDeveloper\Console;D:\Programs & Files\Program Files\nodejs\;C:\Users\ayaad\.local\bin;C:\texlive\2024\bin\windows;D:\Programs & Files\Program Files\MySQL\MySQL Shell 8.0\bin\;C:\Users\ayaad\.cargo\bin;C:\Users\ayaad\AppData\Local\Microsoft\WindowsApps;D:\Programs & Files\Programs\Microsoft VS Code\bin;C:\Windows\System32;D:\SDKs\flutter\bin;D:\Git\cmd;C:\Users\ayaad\AppData\Local\GitHubDesktop\bin;D:\cmdtools\tools\MiKTeX\miktex\bin\x64\;C:\Users\ayaad\.dotnet\tools;C:\Users\ayaad\.cache\lm-studio\bin;C:\Users\ayaad\.dotnet\tools;D:\Windsurf\bin;C:\Users\ayaad\AppData\Local\Programs\cursor\resources\app\bin;D:\Programs & Files\Program Files\Devart\EntityDeveloper\Console;C:\Users\ayaad\AppData\Roaming\npm;C:\Windows\system32;
USERNAME=ayaad
OS=Windows_NT
PROCESSOR_IDENTIFIER=AMD64 Family 23 Model 96 Stepping 1, AuthenticAMD
TMP=C:\Users\ayaad\AppData\Local\Temp
TEMP=C:\Users\ayaad\AppData\Local\Temp




---------------  S Y S T E M  ---------------

OS:
 Windows 10 , 64 bit Build 19041 (10.0.19041.4597)
OS uptime: 0 days 23:44 hours
Hyper-V role detected

CPU: total 12 (initial active 12) (12 cores per cpu, 2 threads per core) family 23 model 96 stepping 1 microcode 0x0, cx8, cmov, fxsr, ht, mmx, 3dnowpref, sse, sse2, sse3, ssse3, sse4a, sse4.1, sse4.2, popcnt, lzcnt, tsc, tscinvbit, avx, avx2, aes, clmul, bmi1, bmi2, adx, sha, fma, vzeroupper, clflush, clflushopt, hv, rdtscp, rdpid, f16c

Memory: 4k page, system-wide physical 15733M (1117M free)
TotalPageFile size 21955M (AvailPageFile size 53M)
current process WorkingSet (physical memory assigned to process): 394M, peak: 394M
current process commit charge ("private bytes"): 551M, peak: 819M

vm_info: OpenJDK 64-Bit Server VM (20.0.2+9) for windows-amd64 JRE (20.0.2+9), built on 2023-07-18T00:00:00Z by "admin" with MS VC++ 16.10 / 16.11 (VS2019)

END.
